#
# A fatal error has been detected by the Java Runtime Environment:
#
#  SIGSEGV (0xb) at pc=0x00007f1478957a2a, pid=3066, tid=139725782804224
#
# JRE version: Java(TM) SE Runtime Environment (8.0_74-b02) (build 1.8.0_74-b02)
# Java VM: Java HotSpot(TM) 64-Bit Server VM (25.74-b02 mixed mode linux-amd64 compressed oops)
# Problematic frame:
# C  [liblogic.so+0x3a2a]  lookAtTile+0x2d
#
# Failed to write core dump. Core dumps have been disabled. To enable core dumping, try "ulimit -c unlimited" before starting Java again
#
# If you would like to submit a bug report, please visit:
#   http://bugreport.java.com/bugreport/crash.jsp
# The crash happened outside the Java Virtual Machine in native code.
# See problematic frame for where to report the bug.
#

---------------  T H R E A D  ---------------

Current thread (0x00007f149413a800):  JavaThread "Thread-8" [_thread_in_native, id=3097, stack(0x00007f1471966000,0x00007f1471a67000)]

siginfo: si_signo: 11 (SIGSEGV), si_code: 128 (SI_KERNEL), si_addr: 0x0000000000000000

Registers:
RAX=0x2d06364700b62d4e, RBX=0x00007f13f8000cd4, RCX=0x0000000000000005, RDX=0x2d06364700b62d4e
RSP=0x00007f1471a654b0, RBP=0x00007f1471a654b0, RSI=0x0000000000000000, RDI=0x000000000000000a
R8 =0x00007f14998cd0c4, R9 =0x00007f14998cd140, R10=0x000000000000001f, R11=0x00000000834e0b5f
R12=0x0000000000000000, R13=0x00007f147bc02d78, R14=0x00007f1471a65650, R15=0x00007f149413a800
RIP=0x00007f1478957a2a, EFLAGS=0x0000000000010202, CSGSFS=0x0000000000000033, ERR=0x0000000000000000
  TRAPNO=0x000000000000000d

Top of Stack: (sp=0x00007f1471a654b0)
0x00007f1471a654b0:   00007f1471a65500 00007f1478956f9c
0x00007f1471a654c0:   4026000000000000 4026000000000000
0x00007f1471a654d0:   00000000572365d4 00007f13f8000cd0
0x00007f1471a654e0:   0000000800000000 0000000c00000003
0x00007f1471a654f0:   00007f1471a65650 00007f1498c06c50
0x00007f1471a65500:   00007f1471a655b0 00007f1478955c02
0x00007f1471a65510:   00007f1471a65510 00007f1471a65648
0x00007f1471a65520:   00007f1471a65650 00007f149413a9f8
0x00007f1471a65530:   00007f13f8000d90 00007f13f8000a30
0x00007f1471a65540:   0000000000000052 0000000000000042
0x00007f1471a65550:   00007f1471a655b0 0000000000000062
0x00007f1471a65560:   000000000000004a 00007f13f8000a38
0x00007f1471a65570:   00007f13f8000d50 0000000000000032
0x00007f1471a65580:   0000000071a655d8 00007f13f8000d30
0x00007f1471a65590:   00007f149412a690 0000000700000000
0x00007f1471a655a0:   00007f147bc02d78 0000000000000000
0x00007f1471a655b0:   00007f1471a65628 00007f148418442f
0x00007f1471a655c0:   00000000e1f8ee50 0000000000000001
0x00007f1471a655d0:   00000000e178a618 0000000000000001
0x00007f1471a655e0:   00000000e1f7dcb0 00007f1471a655d8
0x00007f1471a655f0:   0000000000000000 00007f1471a65650
0x00007f1471a65600:   00007f147bc036d0 0000000000000000
0x00007f1471a65610:   00007f147bc02d78 0000000000000000
0x00007f1471a65620:   00007f1471a65648 00007f1471a65698
0x00007f1471a65630:   00007f1484175c92 0000000000000000
0x00007f1471a65640:   00007f148417d578 00000000e1f8ee68
0x00007f1471a65650:   00000000e1f7dcb0 00007f1471a65658
0x00007f1471a65660:   00007f147bc018eb 00007f1471a656b8
0x00007f1471a65670:   00007f147bc06738 0000000000000000
0x00007f1471a65680:   00007f147bc01950 00007f1471a65648
0x00007f1471a65690:   00007f1471a656b8 00007f1471a65700
0x00007f1471a656a0:   00007f1484175c4d 0000000000000000 

Instructions: (pc=0x00007f1478957a2a)
0x00007f1478957a0a:   32 0b 20 00 48 8b 00 8b 55 fc 48 63 d2 48 c1 e2
0x00007f1478957a1a:   03 48 01 d0 48 8b 10 8b 45 f8 48 98 48 8d 04 02
0x00007f1478957a2a:   0f b6 00 c9 c3 55 48 89 e5 89 7d fc 89 75 f8 89
0x00007f1478957a3a:   d0 88 45 f4 48 8b 05 fb 0a 20 00 48 8b 00 8b 55 

Register to memory mapping:

RAX=0x2d06364700b62d4e is an unknown value
RBX=0x00007f13f8000cd4 is an unknown value
RCX=0x0000000000000005 is an unknown value
RDX=0x2d06364700b62d4e is an unknown value
RSP=0x00007f1471a654b0 is pointing into the stack for thread: 0x00007f149413a800
RBP=0x00007f1471a654b0 is pointing into the stack for thread: 0x00007f149413a800
RSI=0x0000000000000000 is an unknown value
RDI=0x000000000000000a is an unknown value
R8 =0x00007f14998cd0c4: <offset 0x3c40c4> in /lib/x86_64-linux-gnu/libc.so.6 at 0x00007f1499509000
R9 =0x00007f14998cd140: <offset 0x3c4140> in /lib/x86_64-linux-gnu/libc.so.6 at 0x00007f1499509000
R10=0x000000000000001f is an unknown value
R11=0x00000000834e0b5f is an unknown value
R12=0x0000000000000000 is an unknown value
R13={method} {0x00007f147bc02d78} 'startGame' '(Ljava/lang/String;)V' in 'GameLogic'
R14=0x00007f1471a65650 is pointing into the stack for thread: 0x00007f149413a800
R15=0x00007f149413a800 is a thread


Stack: [0x00007f1471966000,0x00007f1471a67000],  sp=0x00007f1471a654b0,  free space=1021k
Native frames: (J=compiled Java code, j=interpreted, Vv=VM code, C=native code)
C  [liblogic.so+0x3a2a]  lookAtTile+0x2d
C  [liblogic.so+0x2f9c]  initiatePlayer+0x114
C  [liblogic.so+0x1c02]  Java_GameLogic_startGame+0x436
j  GameLogic.startGame(Ljava/lang/String;)V+0
j  Server.startBot()V+43
j  Server.run()V+19
j  java.lang.Thread.run()V+11
v  ~StubRoutines::call_stub
V  [libjvm.so+0x68c616]  JavaCalls::call_helper(JavaValue*, methodHandle*, JavaCallArguments*, Thread*)+0x1056
V  [libjvm.so+0x68cb21]  JavaCalls::call_virtual(JavaValue*, KlassHandle, Symbol*, Symbol*, JavaCallArguments*, Thread*)+0x321
V  [libjvm.so+0x68cfc7]  JavaCalls::call_virtual(JavaValue*, Handle, KlassHandle, Symbol*, Symbol*, Thread*)+0x47
V  [libjvm.so+0x723d80]  thread_entry(JavaThread*, Thread*)+0xa0
V  [libjvm.so+0xa69dcf]  JavaThread::thread_main_inner()+0xdf
V  [libjvm.so+0xa69efc]  JavaThread::run()+0x11c
V  [libjvm.so+0x91d9d8]  java_start(Thread*)+0x108
C  [libpthread.so.0+0x76aa]  start_thread+0xca

Java frames: (J=compiled Java code, j=interpreted, Vv=VM code)
j  GameLogic.startGame(Ljava/lang/String;)V+0
j  Server.startBot()V+43
j  Server.run()V+19
j  java.lang.Thread.run()V+11
v  ~StubRoutines::call_stub

---------------  P R O C E S S  ---------------

Java Threads: ( => current thread )
=>0x00007f149413a800 JavaThread "Thread-8" [_thread_in_native, id=3097, stack(0x00007f1471966000,0x00007f1471a67000)]
  0x00007f1494138800 JavaThread "Thread-7" [_thread_blocked, id=3096, stack(0x00007f1471a67000,0x00007f1471b68000)]
  0x00007f1494136800 JavaThread "Thread-6" [_thread_blocked, id=3095, stack(0x00007f1471b68000,0x00007f1471c69000)]
  0x00007f1494135000 JavaThread "Thread-5" [_thread_blocked, id=3094, stack(0x00007f1471c69000,0x00007f1471d6a000)]
  0x00007f1494133000 JavaThread "Thread-4" [_thread_blocked, id=3093, stack(0x00007f1471d6a000,0x00007f1471e6b000)]
  0x00007f1494131800 JavaThread "Thread-3" [_thread_blocked, id=3092, stack(0x00007f1471e6b000,0x00007f1471f6c000)]
  0x00007f149412f800 JavaThread "Thread-2" [_thread_blocked, id=3091, stack(0x00007f1471f6c000,0x00007f147206d000)]
  0x00007f149412e800 JavaThread "Thread-1" [_thread_blocked, id=3089, stack(0x00007f147206d000,0x00007f147216e000)]
  0x00007f1420165800 JavaThread "AWT-XAWT" daemon [_thread_in_native, id=3088, stack(0x00007f147216e000,0x00007f147226f000)]
  0x00007f1420141000 JavaThread "Java2D Disposer" daemon [_thread_blocked, id=3087, stack(0x00007f147267f000,0x00007f1472780000)]
  0x00007f149412c800 JavaThread "Thread-0" [_thread_blocked, id=3086, stack(0x00007f147833b000,0x00007f147843c000)]
  0x00007f14940d4800 JavaThread "Service Thread" daemon [_thread_blocked, id=3084, stack(0x00007f1478c5a000,0x00007f1478d5b000)]
  0x00007f14940c9800 JavaThread "C1 CompilerThread3" daemon [_thread_blocked, id=3083, stack(0x00007f1478d5b000,0x00007f1478e5c000)]
  0x00007f14940c7800 JavaThread "C2 CompilerThread2" daemon [_thread_blocked, id=3082, stack(0x00007f1478e5c000,0x00007f1478f5d000)]
  0x00007f14940c5800 JavaThread "C2 CompilerThread1" daemon [_thread_blocked, id=3081, stack(0x00007f1478f5d000,0x00007f147905e000)]
  0x00007f14940c2800 JavaThread "C2 CompilerThread0" daemon [_thread_blocked, id=3080, stack(0x00007f147905e000,0x00007f147915f000)]
  0x00007f14940c1000 JavaThread "Signal Dispatcher" daemon [_thread_blocked, id=3079, stack(0x00007f147915f000,0x00007f1479260000)]
  0x00007f149408c800 JavaThread "Finalizer" daemon [_thread_blocked, id=3078, stack(0x00007f147965e000,0x00007f147975f000)]
  0x00007f1494088000 JavaThread "Reference Handler" daemon [_thread_blocked, id=3077, stack(0x00007f147975f000,0x00007f1479860000)]
  0x00007f1494009800 JavaThread "main" [_thread_blocked, id=3067, stack(0x00007f149a008000,0x00007f149a109000)]

Other Threads:
  0x00007f1494080000 VMThread [stack: 0x00007f1479860000,0x00007f1479961000] [id=3076]
  0x00007f14940d7800 WatcherThread [stack: 0x00007f1478b59000,0x00007f1478c5a000] [id=3085]

VM state:not at safepoint (normal execution)

VM Mutex/Monitor currently owned by a thread: None

Heap:
 PSYoungGen      total 27648K, used 8664K [0x00000000e1780000, 0x00000000e3600000, 0x0000000100000000)
  eden space 24064K, 36% used [0x00000000e1780000,0x00000000e1ff6200,0x00000000e2f00000)
  from space 3584K, 0% used [0x00000000e3280000,0x00000000e3280000,0x00000000e3600000)
  to   space 3584K, 0% used [0x00000000e2f00000,0x00000000e2f00000,0x00000000e3280000)
 ParOldGen       total 62976K, used 0K [0x00000000a4600000, 0x00000000a8380000, 0x00000000e1780000)
  object space 62976K, 0% used [0x00000000a4600000,0x00000000a4600000,0x00000000a8380000)
 Metaspace       used 9011K, capacity 9190K, committed 9472K, reserved 1056768K
  class space    used 1078K, capacity 1161K, committed 1280K, reserved 1048576K

Card table byte_map: [0x00007f1483ad0000,0x00007f1483dae000] byte_map_base: 0x00007f14835ad000

Marking Bits: (ParMarkBitMap*) 0x00007f14994de260
 Begin Bits: [0x00007f148030f000, 0x00007f14819f7000)
 End Bits:   [0x00007f14819f7000, 0x00007f14830df000)

Polling page: 0x00007f149a12b000

CodeCache: size=245760Kb used=1884Kb max_used=1884Kb free=243875Kb
 bounds [0x00007f148416e000, 0x00007f14843de000, 0x00007f149316e000]
 total_blobs=820 nmethods=380 adapters=354
 compilation: enabled

Compilation events (10 events):
Event: 3.270 Thread 0x00007f14940c9800 nmethod 379 0x00007f1484340b50 code [0x00007f1484340cc0, 0x00007f1484340ed8]
Event: 3.270 Thread 0x00007f14940c9800  375   !   3       javax.swing.JComponent::getClientProperty (56 bytes)
Event: 3.270 Thread 0x00007f14940c9800 nmethod 375 0x00007f1484340450 code [0x00007f14843405e0, 0x00007f1484340a08]
Event: 3.270 Thread 0x00007f14940c9800  376       1       java.awt.Component::isEnabledImpl (5 bytes)
Event: 3.271 Thread 0x00007f14940c9800 nmethod 376 0x00007f1484340190 code [0x00007f14843402e0, 0x00007f14843403f0]
Event: 3.271 Thread 0x00007f14940c9800  377       1       java.lang.reflect.Method::getDeclaringClass (5 bytes)
Event: 3.271 Thread 0x00007f14940c9800 nmethod 377 0x00007f1484342550 code [0x00007f14843426a0, 0x00007f14843427b0]
Event: 3.271 Thread 0x00007f14940c9800  378       1       javax.swing.JComponent::isManagingFocus (2 bytes)
Event: 3.271 Thread 0x00007f14940c9800 nmethod 378 0x00007f1484342290 code [0x00007f14843423e0, 0x00007f14843424f0]
Event: 3.271 Thread 0x00007f14940c9800  380       3       sun.reflect.DelegatingMethodAccessorImpl::invoke (10 bytes)

GC Heap History (0 events):
No events

Deoptimization events (1 events):
Event: 1.833 Thread 0x00007f149412c800 Uncommon trap: reason=null_check action=make_not_entrant pc=0x00007f14842d8168 method=java.lang.String.equals(Ljava/lang/Object;)Z @ 8

Internal exceptions (10 events):
Event: 0.055 Thread 0x00007f1494009800 Exception <a 'java/lang/NoSuchMethodError': Method sun.misc.Unsafe.prefetchRead(Ljava/lang/Object;J)V name or signature does not match> (0x00000000e1787fa8) thrown at [/HUDSON3/workspace/8-2-build-linux-amd64/jdk8u74/6087/hotspot/src/share/vm/prims/jni.cp
Event: 0.137 Thread 0x00007f1494009800 Exception <a 'java/security/PrivilegedActionException'> (0x00000000e1887158) thrown at [/HUDSON3/workspace/8-2-build-linux-amd64/jdk8u74/6087/hotspot/src/share/vm/prims/jvm.cpp, line 1386]
Event: 0.137 Thread 0x00007f1494009800 Exception <a 'java/security/PrivilegedActionException'> (0x00000000e1887550) thrown at [/HUDSON3/workspace/8-2-build-linux-amd64/jdk8u74/6087/hotspot/src/share/vm/prims/jvm.cpp, line 1386]
Event: 0.138 Thread 0x00007f1494009800 Exception <a 'java/security/PrivilegedActionException'> (0x00000000e1889b78) thrown at [/HUDSON3/workspace/8-2-build-linux-amd64/jdk8u74/6087/hotspot/src/share/vm/prims/jvm.cpp, line 1386]
Event: 0.138 Thread 0x00007f1494009800 Exception <a 'java/security/PrivilegedActionException'> (0x00000000e1889f70) thrown at [/HUDSON3/workspace/8-2-build-linux-amd64/jdk8u74/6087/hotspot/src/share/vm/prims/jvm.cpp, line 1386]
Event: 1.752 Thread 0x00007f149412c800 Exception <a 'java/lang/NoSuchFieldError': method resolution failed> (0x00000000e19c1758) thrown at [/HUDSON3/workspace/8-2-build-linux-amd64/jdk8u74/6087/hotspot/src/share/vm/prims/methodHandles.cpp, line 1146]
Event: 1.754 Thread 0x00007f149412c800 Exception <a 'java/lang/NoSuchFieldError': method resolution failed> (0x00000000e19cef28) thrown at [/HUDSON3/workspace/8-2-build-linux-amd64/jdk8u74/6087/hotspot/src/share/vm/prims/methodHandles.cpp, line 1146]
Event: 1.775 Thread 0x00007f149412c800 Exception <a 'java/io/FileNotFoundException'> (0x00000000e1a4f840) thrown at [/HUDSON3/workspace/8-2-build-linux-amd64/jdk8u74/6087/hotspot/src/share/vm/prims/jni.cpp, line 709]
Event: 1.775 Thread 0x00007f149412c800 Exception <a 'java/io/FileNotFoundException'> (0x00000000e1a50218) thrown at [/HUDSON3/workspace/8-2-build-linux-amd64/jdk8u74/6087/hotspot/src/share/vm/prims/jni.cpp, line 709]
Event: 1.833 Thread 0x00007f149412c800 Implicit null exception at 0x00007f14842d7f9b to 0x00007f14842d8159

Events (10 events):
Event: 1.896 loading class java/util/regex/Pattern$BnM done
Event: 1.896 loading class java/util/regex/Pattern$SliceS
Event: 1.896 loading class java/util/regex/Pattern$SliceS done
Event: 2.057 Thread 0x00007f149412f800 Thread added: 0x00007f149412f800
Event: 2.258 Thread 0x00007f1494131800 Thread added: 0x00007f1494131800
Event: 2.458 Thread 0x00007f1494133000 Thread added: 0x00007f1494133000
Event: 2.659 Thread 0x00007f1494135000 Thread added: 0x00007f1494135000
Event: 2.859 Thread 0x00007f1494136800 Thread added: 0x00007f1494136800
Event: 3.060 Thread 0x00007f1494138800 Thread added: 0x00007f1494138800
Event: 3.260 Thread 0x00007f149413a800 Thread added: 0x00007f149413a800


Dynamic libraries:
00400000-00401000 r-xp 00000000 08:05 2492695                            /usr/lib/jvm/java-8-oracle/jre/bin/java
00600000-00601000 rw-p 00000000 08:05 2492695                            /usr/lib/jvm/java-8-oracle/jre/bin/java
00e48000-00e69000 rw-p 00000000 00:00 0                                  [heap]
a4600000-a8380000 rw-p 00000000 00:00 0 
a8380000-e1780000 ---p 00000000 00:00 0 
e1780000-e3600000 rw-p 00000000 00:00 0 
e3600000-100000000 ---p 00000000 00:00 0 
100000000-100140000 rw-p 00000000 00:00 0 
100140000-140000000 ---p 00000000 00:00 0 
7f13f4000000-7f13f4021000 rw-p 00000000 00:00 0 
7f13f4021000-7f13f8000000 ---p 00000000 00:00 0 
7f13f8000000-7f13f8297000 rw-p 00000000 00:00 0 
7f13f8297000-7f13fc000000 ---p 00000000 00:00 0 
7f13fc000000-7f13fc021000 rw-p 00000000 00:00 0 
7f13fc021000-7f1400000000 ---p 00000000 00:00 0 
7f1400000000-7f1400021000 rw-p 00000000 00:00 0 
7f1400021000-7f1404000000 ---p 00000000 00:00 0 
7f1404000000-7f1404021000 rw-p 00000000 00:00 0 
7f1404021000-7f1408000000 ---p 00000000 00:00 0 
7f1408000000-7f1408021000 rw-p 00000000 00:00 0 
7f1408021000-7f140c000000 ---p 00000000 00:00 0 
7f140c000000-7f140c021000 rw-p 00000000 00:00 0 
7f140c021000-7f1410000000 ---p 00000000 00:00 0 
7f1410000000-7f1410021000 rw-p 00000000 00:00 0 
7f1410021000-7f1414000000 ---p 00000000 00:00 0 
7f1414000000-7f1414021000 rw-p 00000000 00:00 0 
7f1414021000-7f1418000000 ---p 00000000 00:00 0 
7f1418000000-7f1418021000 rw-p 00000000 00:00 0 
7f1418021000-7f141c000000 ---p 00000000 00:00 0 
7f141c000000-7f141c021000 rw-p 00000000 00:00 0 
7f141c021000-7f1420000000 ---p 00000000 00:00 0 
7f1420000000-7f142041c000 rw-p 00000000 00:00 0 
7f142041c000-7f1424000000 ---p 00000000 00:00 0 
7f1424000000-7f14241d0000 rw-p 00000000 00:00 0 
7f14241d0000-7f1428000000 ---p 00000000 00:00 0 
7f1428000000-7f1428021000 rw-p 00000000 00:00 0 
7f1428021000-7f142c000000 ---p 00000000 00:00 0 
7f142c000000-7f142c0b6000 rw-p 00000000 00:00 0 
7f142c0b6000-7f1430000000 ---p 00000000 00:00 0 
7f1430000000-7f1430021000 rw-p 00000000 00:00 0 
7f1430021000-7f1434000000 ---p 00000000 00:00 0 
7f1434000000-7f1434021000 rw-p 00000000 00:00 0 
7f1434021000-7f1438000000 ---p 00000000 00:00 0 
7f1438000000-7f1438061000 rw-p 00000000 00:00 0 
7f1438061000-7f143c000000 ---p 00000000 00:00 0 
7f143c000000-7f143c021000 rw-p 00000000 00:00 0 
7f143c021000-7f1440000000 ---p 00000000 00:00 0 
7f1440000000-7f1440021000 rw-p 00000000 00:00 0 
7f1440021000-7f1444000000 ---p 00000000 00:00 0 
7f1444000000-7f1444021000 rw-p 00000000 00:00 0 
7f1444021000-7f1448000000 ---p 00000000 00:00 0 
7f1448000000-7f1448021000 rw-p 00000000 00:00 0 
7f1448021000-7f144c000000 ---p 00000000 00:00 0 
7f144c000000-7f144c021000 rw-p 00000000 00:00 0 
7f144c021000-7f1450000000 ---p 00000000 00:00 0 
7f1454000000-7f1454021000 rw-p 00000000 00:00 0 
7f1454021000-7f1458000000 ---p 00000000 00:00 0 
7f145c000000-7f145c021000 rw-p 00000000 00:00 0 
7f145c021000-7f1460000000 ---p 00000000 00:00 0 
7f1464000000-7f1464021000 rw-p 00000000 00:00 0 
7f1464021000-7f1468000000 ---p 00000000 00:00 0 
7f146c000000-7f146c021000 rw-p 00000000 00:00 0 
7f146c021000-7f1470000000 ---p 00000000 00:00 0 
7f1471966000-7f1471969000 ---p 00000000 00:00 0 
7f1471969000-7f1471a67000 rw-p 00000000 00:00 0                          [stack:3097]
7f1471a67000-7f1471a6a000 ---p 00000000 00:00 0 
7f1471a6a000-7f1471b68000 rw-p 00000000 00:00 0                          [stack:3096]
7f1471b68000-7f1471b6b000 ---p 00000000 00:00 0 
7f1471b6b000-7f1471c69000 rw-p 00000000 00:00 0                          [stack:3095]
7f1471c69000-7f1471c6c000 ---p 00000000 00:00 0 
7f1471c6c000-7f1471d6a000 rw-p 00000000 00:00 0                          [stack:3094]
7f1471d6a000-7f1471d6d000 ---p 00000000 00:00 0 
7f1471d6d000-7f1471e6b000 rw-p 00000000 00:00 0                          [stack:3093]
7f1471e6b000-7f1471e6e000 ---p 00000000 00:00 0 
7f1471e6e000-7f1471f6c000 rw-p 00000000 00:00 0                          [stack:3092]
7f1471f6c000-7f1471f6f000 ---p 00000000 00:00 0 
7f1471f6f000-7f147206d000 rw-p 00000000 00:00 0                          [stack:3091]
7f147206d000-7f1472070000 ---p 00000000 00:00 0 
7f1472070000-7f147216e000 rw-p 00000000 00:00 0                          [stack:3089]
7f147216e000-7f1472171000 ---p 00000000 00:00 0 
7f1472171000-7f147226f000 rw-p 00000000 00:00 0                          [stack:3088]
7f147226f000-7f1472274000 r-xp 00000000 08:05 11932712                   /usr/lib/x86_64-linux-gnu/libXfixes.so.3.1.0
7f1472274000-7f1472473000 ---p 00005000 08:05 11932712                   /usr/lib/x86_64-linux-gnu/libXfixes.so.3.1.0
7f1472473000-7f1472474000 r--p 00004000 08:05 11932712                   /usr/lib/x86_64-linux-gnu/libXfixes.so.3.1.0
7f1472474000-7f1472475000 rw-p 00005000 08:05 11932712                   /usr/lib/x86_64-linux-gnu/libXfixes.so.3.1.0
7f1472475000-7f147247e000 r-xp 00000000 08:05 11932704                   /usr/lib/x86_64-linux-gnu/libXcursor.so.1.0.2
7f147247e000-7f147267d000 ---p 00009000 08:05 11932704                   /usr/lib/x86_64-linux-gnu/libXcursor.so.1.0.2
7f147267d000-7f147267e000 r--p 00008000 08:05 11932704                   /usr/lib/x86_64-linux-gnu/libXcursor.so.1.0.2
7f147267e000-7f147267f000 rw-p 00009000 08:05 11932704                   /usr/lib/x86_64-linux-gnu/libXcursor.so.1.0.2
7f147267f000-7f1472682000 ---p 00000000 00:00 0 
7f1472682000-7f1472780000 rw-p 00000000 00:00 0                          [stack:3087]
7f1472780000-7f1472796000 r-xp 00000000 08:05 4850100                    /lib/x86_64-linux-gnu/libgcc_s.so.1
7f1472796000-7f1472995000 ---p 00016000 08:05 4850100                    /lib/x86_64-linux-gnu/libgcc_s.so.1
7f1472995000-7f1472996000 r--p 00015000 08:05 4850100                    /lib/x86_64-linux-gnu/libgcc_s.so.1
7f1472996000-7f1472997000 rw-p 00016000 08:05 4850100                    /lib/x86_64-linux-gnu/libgcc_s.so.1
7f1472997000-7f14729fc000 r-xp 00000000 08:05 1969841                    /usr/lib/jvm/java-8-oracle/jre/lib/amd64/libfontmanager.so
7f14729fc000-7f1472bfb000 ---p 00065000 08:05 1969841                    /usr/lib/jvm/java-8-oracle/jre/lib/amd64/libfontmanager.so
7f1472bfb000-7f1472c00000 rw-p 00064000 08:05 1969841                    /usr/lib/jvm/java-8-oracle/jre/lib/amd64/libfontmanager.so
7f1472c00000-7f1472c10000 rw-p 00000000 00:00 0 
7f1472c10000-7f1472c15000 r-xp 00000000 08:05 11934641                   /usr/lib/x86_64-linux-gnu/libXdmcp.so.6.0.0
7f1472c15000-7f1472e14000 ---p 00005000 08:05 11934641                   /usr/lib/x86_64-linux-gnu/libXdmcp.so.6.0.0
7f1472e14000-7f1472e15000 r--p 00004000 08:05 11934641                   /usr/lib/x86_64-linux-gnu/libXdmcp.so.6.0.0
7f1472e15000-7f1472e16000 rw-p 00005000 08:05 11934641                   /usr/lib/x86_64-linux-gnu/libXdmcp.so.6.0.0
7f1472e16000-7f1472e18000 r-xp 00000000 08:05 11932697                   /usr/lib/x86_64-linux-gnu/libXau.so.6.0.0
7f1472e18000-7f1473018000 ---p 00002000 08:05 11932697                   /usr/lib/x86_64-linux-gnu/libXau.so.6.0.0
7f1473018000-7f1473019000 r--p 00002000 08:05 11932697                   /usr/lib/x86_64-linux-gnu/libXau.so.6.0.0
7f1473019000-7f147301a000 rw-p 00003000 08:05 11932697                   /usr/lib/x86_64-linux-gnu/libXau.so.6.0.0
7f147301a000-7f147303a000 r-xp 00000000 08:05 11934884                   /usr/lib/x86_64-linux-gnu/libxcb.so.1.1.0
7f147303a000-7f1473239000 ---p 00020000 08:05 11934884                   /usr/lib/x86_64-linux-gnu/libxcb.so.1.1.0
7f1473239000-7f147323a000 r--p 0001f000 08:05 11934884                   /usr/lib/x86_64-linux-gnu/libxcb.so.1.1.0
7f147323a000-7f147323b000 rw-p 00020000 08:05 11934884                   /usr/lib/x86_64-linux-gnu/libxcb.so.1.1.0
7f147323b000-7f147324a000 r-xp 00000000 08:05 11932718                   /usr/lib/x86_64-linux-gnu/libXi.so.6.1.0
7f147324a000-7f1473449000 ---p 0000f000 08:05 11932718                   /usr/lib/x86_64-linux-gnu/libXi.so.6.1.0
7f1473449000-7f147344a000 r--p 0000e000 08:05 11932718                   /usr/lib/x86_64-linux-gnu/libXi.so.6.1.0
7f147344a000-7f147344b000 rw-p 0000f000 08:05 11932718                   /usr/lib/x86_64-linux-gnu/libXi.so.6.1.0
7f147344b000-7f1473450000 r-xp 00000000 08:05 11932738                   /usr/lib/x86_64-linux-gnu/libXtst.so.6.1.0
7f1473450000-7f147364f000 ---p 00005000 08:05 11932738                   /usr/lib/x86_64-linux-gnu/libXtst.so.6.1.0
7f147364f000-7f1473650000 r--p 00004000 08:05 11932738                   /usr/lib/x86_64-linux-gnu/libXtst.so.6.1.0
7f1473650000-7f1473651000 rw-p 00005000 08:05 11932738                   /usr/lib/x86_64-linux-gnu/libXtst.so.6.1.0
7f1473651000-7f147365a000 r-xp 00000000 08:05 11933670                   /usr/lib/x86_64-linux-gnu/libXrender.so.1.3.0
7f147365a000-7f1473859000 ---p 00009000 08:05 11933670                   /usr/lib/x86_64-linux-gnu/libXrender.so.1.3.0
7f1473859000-7f147385a000 r--p 00008000 08:05 11933670                   /usr/lib/x86_64-linux-gnu/libXrender.so.1.3.0
7f147385a000-7f147385b000 rw-p 00009000 08:05 11933670                   /usr/lib/x86_64-linux-gnu/libXrender.so.1.3.0
7f147385b000-7f1473990000 r-xp 00000000 08:05 11934903                   /usr/lib/x86_64-linux-gnu/libX11.so.6.3.0
7f1473990000-7f1473b90000 ---p 00135000 08:05 11934903                   /usr/lib/x86_64-linux-gnu/libX11.so.6.3.0
7f1473b90000-7f1473b91000 r--p 00135000 08:05 11934903                   /usr/lib/x86_64-linux-gnu/libX11.so.6.3.0
7f1473b91000-7f1473b95000 rw-p 00136000 08:05 11934903                   /usr/lib/x86_64-linux-gnu/libX11.so.6.3.0
7f1473b95000-7f1473ba6000 r-xp 00000000 08:05 11932710                   /usr/lib/x86_64-linux-gnu/libXext.so.6.4.0
7f1473ba6000-7f1473da5000 ---p 00011000 08:05 11932710                   /usr/lib/x86_64-linux-gnu/libXext.so.6.4.0
7f1473da5000-7f1473da6000 r--p 00010000 08:05 11932710                   /usr/lib/x86_64-linux-gnu/libXext.so.6.4.0
7f1473da6000-7f1473da7000 rw-p 00011000 08:05 11932710                   /usr/lib/x86_64-linux-gnu/libXext.so.6.4.0
7f1473da7000-7f1473dfb000 r-xp 00000000 08:05 1969849                    /usr/lib/jvm/java-8-oracle/jre/lib/amd64/libawt_xawt.so
7f1473dfb000-7f1473ffb000 ---p 00054000 08:05 1969849                    /usr/lib/jvm/java-8-oracle/jre/lib/amd64/libawt_xawt.so
7f1473ffb000-7f1473fff000 rw-p 00054000 08:05 1969849                    /usr/lib/jvm/java-8-oracle/jre/lib/amd64/libawt_xawt.so
7f1473fff000-7f1474000000 rw-p 00000000 00:00 0 
7f1474000000-7f1474021000 rw-p 00000000 00:00 0 
7f1474021000-7f1478000000 ---p 00000000 00:00 0 
7f1478069000-7f147810b000 r-xp 00000000 08:05 1969898                    /usr/lib/jvm/java-8-oracle/jre/lib/amd64/libawt.so
7f147810b000-7f147830b000 ---p 000a2000 08:05 1969898                    /usr/lib/jvm/java-8-oracle/jre/lib/amd64/libawt.so
7f147830b000-7f1478317000 rw-p 000a2000 08:05 1969898                    /usr/lib/jvm/java-8-oracle/jre/lib/amd64/libawt.so
7f1478317000-7f147833b000 rw-p 00000000 00:00 0 
7f147833b000-7f147833e000 ---p 00000000 00:00 0 
7f147833e000-7f147873d000 rw-p 00000000 00:00 0                          [stack:3086]
7f147873d000-7f1478753000 r-xp 00000000 08:05 1969824                    /usr/lib/jvm/java-8-oracle/jre/lib/amd64/libnet.so
7f1478753000-7f1478953000 ---p 00016000 08:05 1969824                    /usr/lib/jvm/java-8-oracle/jre/lib/amd64/libnet.so
7f1478953000-7f1478954000 rw-p 00016000 08:05 1969824                    /usr/lib/jvm/java-8-oracle/jre/lib/amd64/libnet.so
7f1478954000-7f1478959000 r-xp 00000000 08:05 1972872                    /home/konstantin/Desktop/CW3-ks847/jni/liblogic.so
7f1478959000-7f1478b58000 ---p 00005000 08:05 1972872                    /home/konstantin/Desktop/CW3-ks847/jni/liblogic.so
7f1478b58000-7f1478b59000 rw-p 00004000 08:05 1972872                    /home/konstantin/Desktop/CW3-ks847/jni/liblogic.so
7f1478b59000-7f1478b5a000 ---p 00000000 00:00 0 
7f1478b5a000-7f1478c5a000 rw-p 00000000 00:00 0                          [stack:3085]
7f1478c5a000-7f1478c5d000 ---p 00000000 00:00 0 
7f1478c5d000-7f1478d5b000 rw-p 00000000 00:00 0                          [stack:3084]
7f1478d5b000-7f1478d5e000 ---p 00000000 00:00 0 
7f1478d5e000-7f1478e5c000 rw-p 00000000 00:00 0                          [stack:3083]
7f1478e5c000-7f1478e5f000 ---p 00000000 00:00 0 
7f1478e5f000-7f1478f5d000 rw-p 00000000 00:00 0                          [stack:3082]
7f1478f5d000-7f1478f60000 ---p 00000000 00:00 0 
7f1478f60000-7f147905e000 rw-p 00000000 00:00 0                          [stack:3081]
7f147905e000-7f1479061000 ---p 00000000 00:00 0 
7f1479061000-7f147915f000 rw-p 00000000 00:00 0                          [stack:3080]
7f147915f000-7f1479162000 ---p 00000000 00:00 0 
7f1479162000-7f1479260000 rw-p 00000000 00:00 0                          [stack:3079]
7f1479260000-7f147965e000 r--p 00000000 08:05 11930438                   /usr/lib/locale/locale-archive
7f147965e000-7f1479661000 ---p 00000000 00:00 0 
7f1479661000-7f147975f000 rw-p 00000000 00:00 0                          [stack:3078]
7f147975f000-7f1479762000 ---p 00000000 00:00 0 
7f1479762000-7f1479860000 rw-p 00000000 00:00 0                          [stack:3077]
7f1479860000-7f1479861000 ---p 00000000 00:00 0 
7f1479861000-7f147b5b2000 rw-p 00000000 00:00 0                          [stack:3076]
7f147b5b2000-7f147b78a000 r--s 03d1d000 08:05 12848481                   /usr/lib/jvm/java-8-oracle/jre/lib/rt.jar
7f147b78a000-7f147c000000 rw-p 00000000 00:00 0 
7f147c000000-7f147c021000 rw-p 00000000 00:00 0 
7f147c021000-7f1480000000 ---p 00000000 00:00 0 
7f1480011000-7f14830df000 rw-p 00000000 00:00 0 
7f14830df000-7f14830e0000 ---p 00000000 00:00 0 
7f14830e0000-7f14831e0000 rw-p 00000000 00:00 0                          [stack:3075]
7f14831e0000-7f14831e1000 ---p 00000000 00:00 0 
7f14831e1000-7f14832e1000 rw-p 00000000 00:00 0                          [stack:3074]
7f14832e1000-7f14832e2000 ---p 00000000 00:00 0 
7f14832e2000-7f14833e2000 rw-p 00000000 00:00 0                          [stack:3073]
7f14833e2000-7f14833e3000 ---p 00000000 00:00 0 
7f14833e3000-7f14834e3000 rw-p 00000000 00:00 0                          [stack:3072]
7f14834e3000-7f14834e4000 ---p 00000000 00:00 0 
7f14834e4000-7f14835e4000 rw-p 00000000 00:00 0                          [stack:3071]
7f14835e4000-7f14835e5000 ---p 00000000 00:00 0 
7f14835e5000-7f14836e5000 rw-p 00000000 00:00 0                          [stack:3070]
7f14836e5000-7f14836e6000 ---p 00000000 00:00 0 
7f14836e6000-7f14837e6000 rw-p 00000000 00:00 0                          [stack:3069]
7f14837e6000-7f14837e7000 ---p 00000000 00:00 0 
7f14837e7000-7f1483906000 rw-p 00000000 00:00 0                          [stack:3068]
7f1483906000-7f1483ad0000 ---p 00000000 00:00 0 
7f1483ad0000-7f1483aef000 rw-p 00000000 00:00 0 
7f1483aef000-7f1483cb8000 ---p 00000000 00:00 0 
7f1483cb8000-7f1483cc8000 rw-p 00000000 00:00 0 
7f1483cc8000-7f1483dad000 ---p 00000000 00:00 0 
7f1483dad000-7f1483db8000 rw-p 00000000 00:00 0 
7f1483db8000-7f148416e000 ---p 00000000 00:00 0 
7f148416e000-7f14843de000 rwxp 00000000 00:00 0 
7f14843de000-7f149316e000 ---p 00000000 00:00 0 
7f149316e000-7f1493188000 r-xp 00000000 08:05 1969845                    /usr/lib/jvm/java-8-oracle/jre/lib/amd64/libzip.so
7f1493188000-7f1493388000 ---p 0001a000 08:05 1969845                    /usr/lib/jvm/java-8-oracle/jre/lib/amd64/libzip.so
7f1493388000-7f1493389000 rw-p 0001a000 08:05 1969845                    /usr/lib/jvm/java-8-oracle/jre/lib/amd64/libzip.so
7f1493389000-7f1493395000 r-xp 00000000 08:05 4849722                    /lib/x86_64-linux-gnu/libnss_files-2.21.so
7f1493395000-7f1493594000 ---p 0000c000 08:05 4849722                    /lib/x86_64-linux-gnu/libnss_files-2.21.so
7f1493594000-7f1493595000 r--p 0000b000 08:05 4849722                    /lib/x86_64-linux-gnu/libnss_files-2.21.so
7f1493595000-7f1493596000 rw-p 0000c000 08:05 4849722                    /lib/x86_64-linux-gnu/libnss_files-2.21.so
7f1493596000-7f14935a1000 r-xp 00000000 08:05 4849790                    /lib/x86_64-linux-gnu/libnss_nis-2.21.so
7f14935a1000-7f14937a0000 ---p 0000b000 08:05 4849790                    /lib/x86_64-linux-gnu/libnss_nis-2.21.so
7f14937a0000-7f14937a1000 r--p 0000a000 08:05 4849790                    /lib/x86_64-linux-gnu/libnss_nis-2.21.so
7f14937a1000-7f14937a2000 rw-p 0000b000 08:05 4849790                    /lib/x86_64-linux-gnu/libnss_nis-2.21.so
7f14937a2000-7f14937b9000 r-xp 00000000 08:05 4849784                    /lib/x86_64-linux-gnu/libnsl-2.21.so
7f14937b9000-7f14939b8000 ---p 00017000 08:05 4849784                    /lib/x86_64-linux-gnu/libnsl-2.21.so
7f14939b8000-7f14939b9000 r--p 00016000 08:05 4849784                    /lib/x86_64-linux-gnu/libnsl-2.21.so
7f14939b9000-7f14939ba000 rw-p 00017000 08:05 4849784                    /lib/x86_64-linux-gnu/libnsl-2.21.so
7f14939ba000-7f14939bc000 rw-p 00000000 00:00 0 
7f14939bc000-7f14939c4000 r-xp 00000000 08:05 4849724                    /lib/x86_64-linux-gnu/libnss_compat-2.21.so
7f14939c4000-7f1493bc3000 ---p 00008000 08:05 4849724                    /lib/x86_64-linux-gnu/libnss_compat-2.21.so
7f1493bc3000-7f1493bc4000 r--p 00007000 08:05 4849724                    /lib/x86_64-linux-gnu/libnss_compat-2.21.so
7f1493bc4000-7f1493bc5000 rw-p 00008000 08:05 4849724                    /lib/x86_64-linux-gnu/libnss_compat-2.21.so
7f1493bc5000-7f1493bef000 r-xp 00000000 08:05 1969888                    /usr/lib/jvm/java-8-oracle/jre/lib/amd64/libjava.so
7f1493bef000-7f1493def000 ---p 0002a000 08:05 1969888                    /usr/lib/jvm/java-8-oracle/jre/lib/amd64/libjava.so
7f1493def000-7f1493df1000 rw-p 0002a000 08:05 1969888                    /usr/lib/jvm/java-8-oracle/jre/lib/amd64/libjava.so
7f1493df1000-7f1493dfe000 r-xp 00000000 08:05 1969825                    /usr/lib/jvm/java-8-oracle/jre/lib/amd64/libverify.so
7f1493dfe000-7f1493ffe000 ---p 0000d000 08:05 1969825                    /usr/lib/jvm/java-8-oracle/jre/lib/amd64/libverify.so
7f1493ffe000-7f1494000000 rw-p 0000d000 08:05 1969825                    /usr/lib/jvm/java-8-oracle/jre/lib/amd64/libverify.so
7f1494000000-7f149413c000 rw-p 00000000 00:00 0 
7f149413c000-7f1498000000 ---p 00000000 00:00 0 
7f1498019000-7f1498020000 r-xp 00000000 08:05 4849710                    /lib/x86_64-linux-gnu/librt-2.21.so
7f1498020000-7f149821f000 ---p 00007000 08:05 4849710                    /lib/x86_64-linux-gnu/librt-2.21.so
7f149821f000-7f1498220000 r--p 00006000 08:05 4849710                    /lib/x86_64-linux-gnu/librt-2.21.so
7f1498220000-7f1498221000 rw-p 00007000 08:05 4849710                    /lib/x86_64-linux-gnu/librt-2.21.so
7f1498221000-7f1498328000 r-xp 00000000 08:05 4849792                    /lib/x86_64-linux-gnu/libm-2.21.so
7f1498328000-7f1498527000 ---p 00107000 08:05 4849792                    /lib/x86_64-linux-gnu/libm-2.21.so
7f1498527000-7f1498528000 r--p 00106000 08:05 4849792                    /lib/x86_64-linux-gnu/libm-2.21.so
7f1498528000-7f1498529000 rw-p 00107000 08:05 4849792                    /lib/x86_64-linux-gnu/libm-2.21.so
7f1498529000-7f14991e8000 r-xp 00000000 08:05 1969892                    /usr/lib/jvm/java-8-oracle/jre/lib/amd64/server/libjvm.so
7f14991e8000-7f14993e7000 ---p 00cbf000 08:05 1969892                    /usr/lib/jvm/java-8-oracle/jre/lib/amd64/server/libjvm.so
7f14993e7000-7f14994c0000 rw-p 00cbe000 08:05 1969892                    /usr/lib/jvm/java-8-oracle/jre/lib/amd64/server/libjvm.so
7f14994c0000-7f1499509000 rw-p 00000000 00:00 0 
7f1499509000-7f14996c9000 r-xp 00000000 08:05 4849793                    /lib/x86_64-linux-gnu/libc-2.21.so
7f14996c9000-7f14998c9000 ---p 001c0000 08:05 4849793                    /lib/x86_64-linux-gnu/libc-2.21.so
7f14998c9000-7f14998cd000 r--p 001c0000 08:05 4849793                    /lib/x86_64-linux-gnu/libc-2.21.so
7f14998cd000-7f14998cf000 rw-p 001c4000 08:05 4849793                    /lib/x86_64-linux-gnu/libc-2.21.so
7f14998cf000-7f14998d3000 rw-p 00000000 00:00 0 
7f14998d3000-7f14998d6000 r-xp 00000000 08:05 4849789                    /lib/x86_64-linux-gnu/libdl-2.21.so
7f14998d6000-7f1499ad5000 ---p 00003000 08:05 4849789                    /lib/x86_64-linux-gnu/libdl-2.21.so
7f1499ad5000-7f1499ad6000 r--p 00002000 08:05 4849789                    /lib/x86_64-linux-gnu/libdl-2.21.so
7f1499ad6000-7f1499ad7000 rw-p 00003000 08:05 4849789                    /lib/x86_64-linux-gnu/libdl-2.21.so
7f1499ad7000-7f1499aec000 r-xp 00000000 08:05 1969878                    /usr/lib/jvm/java-8-oracle/jre/lib/amd64/jli/libjli.so
7f1499aec000-7f1499cec000 ---p 00015000 08:05 1969878                    /usr/lib/jvm/java-8-oracle/jre/lib/amd64/jli/libjli.so
7f1499cec000-7f1499ced000 rw-p 00015000 08:05 1969878                    /usr/lib/jvm/java-8-oracle/jre/lib/amd64/jli/libjli.so
7f1499ced000-7f1499d05000 r-xp 00000000 08:05 4849712                    /lib/x86_64-linux-gnu/libpthread-2.21.so
7f1499d05000-7f1499f05000 ---p 00018000 08:05 4849712                    /lib/x86_64-linux-gnu/libpthread-2.21.so
7f1499f05000-7f1499f06000 r--p 00018000 08:05 4849712                    /lib/x86_64-linux-gnu/libpthread-2.21.so
7f1499f06000-7f1499f07000 rw-p 00019000 08:05 4849712                    /lib/x86_64-linux-gnu/libpthread-2.21.so
7f1499f07000-7f1499f0b000 rw-p 00000000 00:00 0 
7f1499f0b000-7f1499f2f000 r-xp 00000000 08:05 4849787                    /lib/x86_64-linux-gnu/ld-2.21.so
7f1499f47000-7f149a008000 rw-p 00000000 00:00 0 
7f149a008000-7f149a00b000 ---p 00000000 00:00 0 
7f149a00b000-7f149a10d000 rw-p 00000000 00:00 0                          [stack:3067]
7f149a120000-7f149a122000 rw-p 00000000 00:00 0 
7f149a122000-7f149a12a000 rw-s 00000000 08:05 2104365                    /tmp/hsperfdata_konstantin/3066
7f149a12a000-7f149a12b000 rw-p 00000000 00:00 0 
7f149a12b000-7f149a12c000 r--p 00000000 00:00 0 
7f149a12c000-7f149a12e000 rw-p 00000000 00:00 0 
7f149a12e000-7f149a12f000 r--p 00023000 08:05 4849787                    /lib/x86_64-linux-gnu/ld-2.21.so
7f149a12f000-7f149a130000 rw-p 00024000 08:05 4849787                    /lib/x86_64-linux-gnu/ld-2.21.so
7f149a130000-7f149a131000 rw-p 00000000 00:00 0 
7ffd12474000-7ffd12495000 rw-p 00000000 00:00 0                          [stack]
7ffd12504000-7ffd12506000 r--p 00000000 00:00 0                          [vvar]
7ffd12506000-7ffd12508000 r-xp 00000000 00:00 0                          [vdso]
ffffffffff600000-ffffffffff601000 r-xp 00000000 00:00 0                  [vsyscall]

VM Arguments:
java_command: Server
java_class_path (initial): .
Launcher Type: SUN_STANDARD

Environment Variables:
PATH=/usr/local/sbin:/usr/local/bin:/usr/sbin:/usr/bin:/sbin:/bin:/usr/games:/usr/local/games
SHELL=/bin/bash
DISPLAY=:0.0

Signal Handlers:
SIGSEGV: [libjvm.so+0xabb070], sa_mask[0]=11111111011111111101111111111110, sa_flags=SA_RESTART|SA_SIGINFO
SIGBUS: [libjvm.so+0xabb070], sa_mask[0]=11111111011111111101111111111110, sa_flags=SA_RESTART|SA_SIGINFO
SIGFPE: [libjvm.so+0x918480], sa_mask[0]=11111111011111111101111111111110, sa_flags=SA_RESTART|SA_SIGINFO
SIGPIPE: [libjvm.so+0x918480], sa_mask[0]=11111111011111111101111111111110, sa_flags=SA_RESTART|SA_SIGINFO
SIGXFSZ: [libjvm.so+0x918480], sa_mask[0]=11111111011111111101111111111110, sa_flags=SA_RESTART|SA_SIGINFO
SIGILL: [libjvm.so+0x918480], sa_mask[0]=11111111011111111101111111111110, sa_flags=SA_RESTART|SA_SIGINFO
SIGUSR1: SIG_DFL, sa_mask[0]=00000000000000000000000000000000, sa_flags=none
SIGUSR2: [libjvm.so+0x919ab0], sa_mask[0]=00000000000000000000000000000000, sa_flags=SA_RESTART|SA_SIGINFO
SIGHUP: [libjvm.so+0x91aeb0], sa_mask[0]=11111111011111111101111111111110, sa_flags=SA_RESTART|SA_SIGINFO
SIGINT: [libjvm.so+0x91aeb0], sa_mask[0]=11111111011111111101111111111110, sa_flags=SA_RESTART|SA_SIGINFO
SIGTERM: [libjvm.so+0x91aeb0], sa_mask[0]=11111111011111111101111111111110, sa_flags=SA_RESTART|SA_SIGINFO
SIGQUIT: [libjvm.so+0x91aeb0], sa_mask[0]=11111111011111111101111111111110, sa_flags=SA_RESTART|SA_SIGINFO


---------------  S Y S T E M  ---------------

OS:DISTRIB_ID=Ubuntu
DISTRIB_RELEASE=15.10
DISTRIB_CODENAME=wily
DISTRIB_DESCRIPTION="Ubuntu 15.10"

uname:Linux 4.2.0-34-generic #39-Ubuntu SMP Thu Mar 10 22:13:01 UTC 2016 x86_64
libc:glibc 2.21 NPTL 2.21 
rlimit: STACK 8192k, CORE 0k, NPROC 23312, NOFILE 65536, AS infinity
load average:0.42 0.30 0.33

/proc/meminfo:
MemTotal:        6002192 kB
MemFree:         3479124 kB
MemAvailable:    4627676 kB
Buffers:          216008 kB
Cached:           924924 kB
SwapCached:            0 kB
Active:          1739796 kB
Inactive:         499316 kB
Active(anon):    1099432 kB
Inactive(anon):    84592 kB
Active(file):     640364 kB
Inactive(file):   414724 kB
Unevictable:           0 kB
Mlocked:               0 kB
SwapTotal:       6181884 kB
SwapFree:        6181884 kB
Dirty:              1508 kB
Writeback:             0 kB
AnonPages:       1098088 kB
Mapped:           353080 kB
Shmem:             85848 kB
Slab:             164780 kB
SReclaimable:     129848 kB
SUnreclaim:        34932 kB
KernelStack:        8000 kB
PageTables:        33148 kB
NFS_Unstable:          0 kB
Bounce:                0 kB
WritebackTmp:          0 kB
CommitLimit:     9182980 kB
Committed_AS:    4734776 kB
VmallocTotal:   34359738367 kB
VmallocUsed:      393376 kB
VmallocChunk:   34358947836 kB
HardwareCorrupted:     0 kB
AnonHugePages:    196608 kB
CmaTotal:              0 kB
CmaFree:               0 kB
HugePages_Total:       0
HugePages_Free:        0
HugePages_Rsvd:        0
HugePages_Surp:        0
Hugepagesize:       2048 kB
DirectMap4k:      197180 kB
DirectMap2M:     5986304 kB


CPU:total 8 (4 cores per cpu, 2 threads per core) family 6 model 42 stepping 7, cmov, cx8, fxsr, mmx, sse, sse2, sse3, ssse3, sse4.1, sse4.2, popcnt, avx, aes, clmul, ht, tsc, tscinvbit

/proc/cpuinfo:
processor	: 0
vendor_id	: GenuineIntel
cpu family	: 6
model		: 42
model name	: Intel(R) Core(TM) i7-2630QM CPU @ 2.00GHz
stepping	: 7
microcode	: 0x29
cpu MHz		: 2527.187
cache size	: 6144 KB
physical id	: 0
siblings	: 8
core id		: 0
cpu cores	: 4
apicid		: 0
initial apicid	: 0
fpu		: yes
fpu_exception	: yes
cpuid level	: 13
wp		: yes
flags		: fpu vme de pse tsc msr pae mce cx8 apic sep mtrr pge mca cmov pat pse36 clflush dts acpi mmx fxsr sse sse2 ss ht tm pbe syscall nx rdtscp lm constant_tsc arch_perfmon pebs bts nopl xtopology nonstop_tsc aperfmperf eagerfpu pni pclmulqdq dtes64 monitor ds_cpl vmx est tm2 ssse3 cx16 xtpr pdcm pcid sse4_1 sse4_2 x2apic popcnt tsc_deadline_timer aes xsave avx lahf_lm ida arat epb pln pts dtherm tpr_shadow vnmi flexpriority ept vpid xsaveopt
bugs		:
bogomips	: 3986.99
clflush size	: 64
cache_alignment	: 64
address sizes	: 36 bits physical, 48 bits virtual
power management:

processor	: 1
vendor_id	: GenuineIntel
cpu family	: 6
model		: 42
model name	: Intel(R) Core(TM) i7-2630QM CPU @ 2.00GHz
stepping	: 7
microcode	: 0x29
cpu MHz		: 1559.296
cache size	: 6144 KB
physical id	: 0
siblings	: 8
core id		: 0
cpu cores	: 4
apicid		: 1
initial apicid	: 1
fpu		: yes
fpu_exception	: yes
cpuid level	: 13
wp		: yes
flags		: fpu vme de pse tsc msr pae mce cx8 apic sep mtrr pge mca cmov pat pse36 clflush dts acpi mmx fxsr sse sse2 ss ht tm pbe syscall nx rdtscp lm constant_tsc arch_perfmon pebs bts nopl xtopology nonstop_tsc aperfmperf eagerfpu pni pclmulqdq dtes64 monitor ds_cpl vmx est tm2 ssse3 cx16 xtpr pdcm pcid sse4_1 sse4_2 x2apic popcnt tsc_deadline_timer aes xsave avx lahf_lm ida arat epb pln pts dtherm tpr_shadow vnmi flexpriority ept vpid xsaveopt
bugs		:
bogomips	: 3986.99
clflush size	: 64
cache_alignment	: 64
address sizes	: 36 bits physical, 48 bits virtual
power management:

processor	: 2
vendor_id	: GenuineIntel
cpu family	: 6
model		: 42
model name	: Intel(R) Core(TM) i7-2630QM CPU @ 2.00GHz
stepping	: 7
microcode	: 0x29
cpu MHz		: 2356.875
cache size	: 6144 KB
physical id	: 0
siblings	: 8
core id		: 1
cpu cores	: 4
apicid		: 2
initial apicid	: 2
fpu		: yes
fpu_exception	: yes
cpuid level	: 13
wp		: yes
flags		: fpu vme de pse tsc msr pae mce cx8 apic sep mtrr pge mca cmov pat pse36 clflush dts acpi mmx fxsr sse sse2 ss ht tm pbe syscall nx rdtscp lm constant_tsc arch_perfmon pebs bts nopl xtopology nonstop_tsc aperfmperf eagerfpu pni pclmulqdq dtes64 monitor ds_cpl vmx est tm2 ssse3 cx16 xtpr pdcm pcid sse4_1 sse4_2 x2apic popcnt tsc_deadline_timer aes xsave avx lahf_lm ida arat epb pln pts dtherm tpr_shadow vnmi flexpriority ept vpid xsaveopt
bugs		:
bogomips	: 3986.99
clflush size	: 64
cache_alignment	: 64
address sizes	: 36 bits physical, 48 bits virtual
power management:

processor	: 3
vendor_id	: GenuineIntel
cpu family	: 6
model		: 42
model name	: Intel(R) Core(TM) i7-2630QM CPU @ 2.00GHz
stepping	: 7
microcode	: 0x29
cpu MHz		: 2141.328
cache size	: 6144 KB
physical id	: 0
siblings	: 8
core id		: 1
cpu cores	: 4
apicid		: 3
initial apicid	: 3
fpu		: yes
fpu_exception	: yes
cpuid level	: 13
wp		: yes
flags		: fpu vme de pse tsc msr pae mce cx8 apic sep mtrr pge mca cmov pat pse36 clflush dts acpi mmx fxsr sse sse2 ss ht tm pbe syscall nx rdtscp lm constant_tsc arch_perfmon pebs bts nopl xtopology nonstop_tsc aperfmperf eagerfpu pni pclmulqdq dtes64 monitor ds_cpl vmx est tm2 ssse3 cx16 xtpr pdcm pcid sse4_1 sse4_2 x2apic popcnt tsc_deadline_timer aes xsave avx lahf_lm ida arat epb pln pts dtherm tpr_shadow vnmi flexpriority ept vpid xsaveopt
bugs		:
bogomips	: 3986.99
clflush size	: 64
cache_alignment	: 64
address sizes	: 36 bits physical, 48 bits virtual
power management:

processor	: 4
vendor_id	: GenuineIntel
cpu family	: 6
model		: 42
model name	: Intel(R) Core(TM) i7-2630QM CPU @ 2.00GHz
stepping	: 7
microcode	: 0x29
cpu MHz		: 2238.359
cache size	: 6144 KB
physical id	: 0
siblings	: 8
core id		: 2
cpu cores	: 4
apicid		: 4
initial apicid	: 4
fpu		: yes
fpu_exception	: yes
cpuid level	: 13
wp		: yes
flags		: fpu vme de pse tsc msr pae mce cx8 apic sep mtrr pge mca cmov pat pse36 clflush dts acpi mmx fxsr sse sse2 ss ht tm pbe syscall nx rdtscp lm constant_tsc arch_perfmon pebs bts nopl xtopology nonstop_tsc aperfmperf eagerfpu pni pclmulqdq dtes64 monitor ds_cpl vmx est tm2 ssse3 cx16 xtpr pdcm pcid sse4_1 sse4_2 x2apic popcnt tsc_deadline_timer aes xsave avx lahf_lm ida arat epb pln pts dtherm tpr_shadow vnmi flexpriority ept vpid xsaveopt
bugs		:
bogomips	: 3986.99
clflush size	: 64
cache_alignment	: 64
address sizes	: 36 bits physical, 48 bits virtual
power management:

processor	: 5
vendor_id	: GenuineIntel
cpu family	: 6
model		: 42
model name	: Intel(R) Core(TM) i7-2630QM CPU @ 2.00GHz
stepping	: 7
microcode	: 0x29
cpu MHz		: 1063.281
cache size	: 6144 KB
physical id	: 0
siblings	: 8
core id		: 2
cpu cores	: 4
apicid		: 5
initial apicid	: 5
fpu		: yes
fpu_exception	: yes
cpuid level	: 13
wp		: yes
flags		: fpu vme de pse tsc msr pae mce cx8 apic sep mtrr pge mca cmov pat pse36 clflush dts acpi mmx fxsr sse sse2 ss ht tm pbe syscall nx rdtscp lm constant_tsc arch_perfmon pebs bts nopl xtopology nonstop_tsc aperfmperf eagerfpu pni pclmulqdq dtes64 monitor ds_cpl vmx est tm2 ssse3 cx16 xtpr pdcm pcid sse4_1 sse4_2 x2apic popcnt tsc_deadline_timer aes xsave avx lahf_lm ida arat epb pln pts dtherm tpr_shadow vnmi flexpriority ept vpid xsaveopt
bugs		:
bogomips	: 3986.99
clflush size	: 64
cache_alignment	: 64
address sizes	: 36 bits physical, 48 bits virtual
power management:

processor	: 6
vendor_id	: GenuineIntel
cpu family	: 6
model		: 42
model name	: Intel(R) Core(TM) i7-2630QM CPU @ 2.00GHz
stepping	: 7
microcode	: 0x29
cpu MHz		: 2137.734
cache size	: 6144 KB
physical id	: 0
siblings	: 8
core id		: 3
cpu cores	: 4
apicid		: 6
initial apicid	: 6
fpu		: yes
fpu_exception	: yes
cpuid level	: 13
wp		: yes
flags		: fpu vme de pse tsc msr pae mce cx8 apic sep mtrr pge mca cmov pat pse36 clflush dts acpi mmx fxsr sse sse2 ss ht tm pbe syscall nx rdtscp lm constant_tsc arch_perfmon pebs bts nopl xtopology nonstop_tsc aperfmperf eagerfpu pni pclmulqdq dtes64 monitor ds_cpl vmx est tm2 ssse3 cx16 xtpr pdcm pcid sse4_1 sse4_2 x2apic popcnt tsc_deadline_timer aes xsave avx lahf_lm ida arat epb pln pts dtherm tpr_shadow vnmi flexpriority ept vpid xsaveopt
bugs		:
bogomips	: 3986.99
clflush size	: 64
cache_alignment	: 64
address sizes	: 36 bits physical, 48 bits virtual
power management:

processor	: 7
vendor_id	: GenuineIntel
cpu family	: 6
model		: 42
model name	: Intel(R) Core(TM) i7-2630QM CPU @ 2.00GHz
stepping	: 7
microcode	: 0x29
cpu MHz		: 2531.328
cache size	: 6144 KB
physical id	: 0
siblings	: 8
core id		: 3
cpu cores	: 4
apicid		: 7
initial apicid	: 7
fpu		: yes
fpu_exception	: yes
cpuid level	: 13
wp		: yes
flags		: fpu vme de pse tsc msr pae mce cx8 apic sep mtrr pge mca cmov pat pse36 clflush dts acpi mmx fxsr sse sse2 ss ht tm pbe syscall nx rdtscp lm constant_tsc arch_perfmon pebs bts nopl xtopology nonstop_tsc aperfmperf eagerfpu pni pclmulqdq dtes64 monitor ds_cpl vmx est tm2 ssse3 cx16 xtpr pdcm pcid sse4_1 sse4_2 x2apic popcnt tsc_deadline_timer aes xsave avx lahf_lm ida arat epb pln pts dtherm tpr_shadow vnmi flexpriority ept vpid xsaveopt
bugs		:
bogomips	: 3986.99
clflush size	: 64
cache_alignment	: 64
address sizes	: 36 bits physical, 48 bits virtual
power management:



Memory: 4k page, physical 6002192k(3479124k free), swap 6181884k(6181884k free)

vm_info: Java HotSpot(TM) 64-Bit Server VM (25.74-b02) for linux-amd64 JRE (1.8.0_74-b02), built on Jan 29 2016 19:20:56 by "java_re" with gcc 4.3.0 20080428 (Red Hat 4.3.0-8)

time: Fri Apr 29 14:47:00 2016
elapsed time: 3 seconds (0d 0h 0m 3s)

